<?xml version="1.0" encoding="UTF-8"?>
<!-- Generated by org.testng.reporters.JUnitXMLReporter -->
<testsuite hostname="Venky" ignored="0" name="Test" tests="7" failures="0" timestamp="09 Dec 2018 13:35:14 GMT" time="5.017" errors="0">
  <testcase name="post" time="3.589" classname="webServices.rest.AutomatePostRestApi"/>
  <testcase name="patch" time="3.763" classname="webServices.rest.AutomatePatchRestApi"/>
  <testcase name="put" time="3.783" classname="webServices.rest.AutomatePutRestApi"/>
  <testcase name="get" time="3.787" classname="webServices.rest.AutomateGetPathParamRestApi"/>
  <testcase name="get" time="3.802" classname="webServices.rest.AutomateGetQueryParamRestApi"/>
  <testcase name="getQueryParam" time="0.338" classname="webServices.rest.AutomateGetQueryParamRestApi"/>
  <testcase name="delete" time="1.371" classname="webServices.rest.AutomateDeleteRestApi"/>
</testsuite> <!-- Test -->
